[0m19:17:42.355252 [debug] [MainThread]: Sending event: {'category': 'dbt', 'action': 'invocation', 'label': 'start', 'context': [<snowplow_tracker.self_describing_json.SelfDescribingJson object at 0x000001D0A0C67BE0>, <snowplow_tracker.self_describing_json.SelfDescribingJson object at 0x000001D0A1DD7B50>, <snowplow_tracker.self_describing_json.SelfDescribingJson object at 0x000001D0A1DD7970>]}


============================== 19:17:42.355252 | 38a7455a-3904-42b1-a671-b22f5a1daef5 ==============================
[0m19:17:42.355252 [info ] [MainThread]: Running with dbt=1.9.4
[0m19:17:42.355252 [debug] [MainThread]: running dbt with arguments {'printer_width': '80', 'indirect_selection': 'eager', 'log_cache_events': 'False', 'write_json': 'True', 'partial_parse': 'True', 'cache_selected_only': 'False', 'warn_error': 'None', 'version_check': 'True', 'profiles_dir': 'C:\\Users\\masta\\.dbt', 'log_path': 'logs', 'debug': 'False', 'fail_fast': 'False', 'use_colors': 'True', 'use_experimental_parser': 'False', 'empty': 'None', 'quiet': 'False', 'no_print': 'None', 'warn_error_options': 'WarnErrorOptions(include=[], exclude=[])', 'static_parser': 'True', 'log_format': 'default', 'invocation_command': 'dbt init', 'target_path': 'None', 'introspect': 'True', 'send_anonymous_usage_stats': 'True'}
[0m19:18:22.124680 [debug] [MainThread]: Starter project path: C:\Users\masta\anaconda3\envs\data_warehouse\lib\site-packages\dbt\include\starter_project
[0m19:18:22.159360 [info ] [MainThread]: 
Your new dbt project "DBT" was created!

For more information on how to configure the profiles.yml file,
please consult the dbt documentation here:

  https://docs.getdbt.com/docs/configure-your-profile

One more thing:

Need help? Don't hesitate to reach out to us via GitHub issues or on Slack:

  https://community.getdbt.com/

Happy modeling!

[0m19:18:22.159360 [info ] [MainThread]: Setting up your profile.
[0m19:22:20.466837 [info ] [MainThread]: Profile DBT written to C:\Users\masta\.dbt\profiles.yml using target's profile_template.yml and your supplied values. Run 'dbt debug' to validate the connection.
[0m19:22:20.469611 [debug] [MainThread]: Command `dbt init` succeeded at 19:22:20.469611 after 278.20 seconds
[0m19:22:20.471055 [debug] [MainThread]: Sending event: {'category': 'dbt', 'action': 'invocation', 'label': 'end', 'context': [<snowplow_tracker.self_describing_json.SelfDescribingJson object at 0x000001D0A0C67BE0>, <snowplow_tracker.self_describing_json.SelfDescribingJson object at 0x000001D0A1DD7B50>, <snowplow_tracker.self_describing_json.SelfDescribingJson object at 0x000001D0A1DD7880>]}
[0m19:22:20.472567 [debug] [MainThread]: Flushing usage events
[0m19:22:21.300214 [debug] [MainThread]: An error was encountered while trying to flush usage events
